Terminals unused in grammar

   FUNCTION


Grammar

    0 $accept: prog_start "end of file"

    1 prog_start: %empty


Terminals, with rules where they appear

"end of file" (0) 0
error (256)
FUNCTION (258)


Nonterminals, with rules where they appear

$accept (4)
    on left: 0
prog_start (5)
    on left: 1, on right: 0


State 0

    0 $accept: . prog_start "end of file"

    $default  reduce using rule 1 (prog_start)

    prog_start  go to state 1


State 1

    0 $accept: prog_start . "end of file"

    "end of file"  shift, and go to state 2


State 2

    0 $accept: prog_start "end of file" .

    $default  accept
