Terminals unused in grammar

   BEGIN_PARAMS
   END_PARAMS
   BEGIN_LOCALS
   END_LOCALS
   BEGIN_BODY
   END_BODY
   INTEGER
   ARRAY
   OF
   IF
   THEN
   ENDIF
   ELSE
   WHILE
   DO
   FOR
   BEGINLOOP
   ENDLOOP
   CONTINUE
   READ
   WRITE
   AND
   OR
   NOT
   TRUE
   FALSE
   RETURN
   SUB
   ADD
   MULT
   DIV
   MOD
   EQ
   NEQ
   LT
   GT
   LTE
   GTE
   NUMBER
   COLON
   COMMA
   L_PAREN
   R_PAREN
   L_SQUARE_BRACKET
   R_SQUARE_BRACKET
   ASSIGN


Grammar

    0 $accept: program $end

    1 program: %empty
    2        | program function

    3 function: FUNCTION IDENT SEMICOLON


Terminals, with rules where they appear

$end (0) 0
error (256)
FUNCTION (258) 3
BEGIN_PARAMS (259)
END_PARAMS (260)
BEGIN_LOCALS (261)
END_LOCALS (262)
BEGIN_BODY (263)
END_BODY (264)
INTEGER (265)
ARRAY (266)
OF (267)
IF (268)
THEN (269)
ENDIF (270)
ELSE (271)
WHILE (272)
DO (273)
FOR (274)
BEGINLOOP (275)
ENDLOOP (276)
CONTINUE (277)
READ (278)
WRITE (279)
AND (280)
OR (281)
NOT (282)
TRUE (283)
FALSE (284)
RETURN (285)
SUB (286)
ADD (287)
MULT (288)
DIV (289)
MOD (290)
EQ (291)
NEQ (292)
LT (293)
GT (294)
LTE (295)
GTE (296)
IDENT (297) 3
NUMBER (298)
SEMICOLON (299) 3
COLON (300)
COMMA (301)
L_PAREN (302)
R_PAREN (303)
L_SQUARE_BRACKET (304)
R_SQUARE_BRACKET (305)
ASSIGN (306)


Nonterminals, with rules where they appear

$accept (52)
    on left: 0
program (53)
    on left: 1 2, on right: 0 2
function (54)
    on left: 3, on right: 2


State 0

    0 $accept: . program $end

    $default  reduce using rule 1 (program)

    program  go to state 1


State 1

    0 $accept: program . $end
    2 program: program . function

    $end      shift, and go to state 2
    FUNCTION  shift, and go to state 3

    function  go to state 4


State 2

    0 $accept: program $end .

    $default  accept


State 3

    3 function: FUNCTION . IDENT SEMICOLON

    IDENT  shift, and go to state 5


State 4

    2 program: program function .

    $default  reduce using rule 2 (program)


State 5

    3 function: FUNCTION IDENT . SEMICOLON

    SEMICOLON  shift, and go to state 6


State 6

    3 function: FUNCTION IDENT SEMICOLON .

    $default  reduce using rule 3 (function)
